{"/Users/cyen/Desktop/portfolio/check-deadline/index.js": {"path":"/Users/cyen/Desktop/portfolio/check-deadline/index.js","statementMap":{"0":{"start":{"line":4,"column":21},"end":{"line":4,"column":141}},"1":{"start":{"line":5,"column":21},"end":{"line":5,"column":76}},"2":{"start":{"line":6,"column":25},"end":{"line":6,"column":149}},"3":{"start":{"line":8,"column":2},"end":{"line":8,"column":102}},"4":{"start":{"line":8,"column":27},"end":{"line":8,"column":102}},"5":{"start":{"line":9,"column":2},"end":{"line":9,"column":89}},"6":{"start":{"line":9,"column":29},"end":{"line":9,"column":89}},"7":{"start":{"line":10,"column":2},"end":{"line":10,"column":84}},"8":{"start":{"line":10,"column":29},"end":{"line":10,"column":84}},"9":{"start":{"line":11,"column":2},"end":{"line":11,"column":117}},"10":{"start":{"line":11,"column":37},"end":{"line":11,"column":117}},"11":{"start":{"line":13,"column":19},"end":{"line":13,"column":36}},"12":{"start":{"line":14,"column":23},"end":{"line":14,"column":78}},"13":{"start":{"line":15,"column":2},"end":{"line":15,"column":47}}},"fnMap":{"0":{"name":"isDeadlineOver","decl":{"start":{"line":3,"column":9},"end":{"line":3,"column":23}},"loc":{"start":{"line":3,"column":60},"end":{"line":16,"column":1}},"line":3}},"branchMap":{"0":{"loc":{"start":{"line":3,"column":30},"end":{"line":3,"column":44}},"type":"default-arg","locations":[{"start":{"line":3,"column":37},"end":{"line":3,"column":44}}],"line":3},"1":{"loc":{"start":{"line":3,"column":46},"end":{"line":3,"column":58}},"type":"default-arg","locations":[{"start":{"line":3,"column":57},"end":{"line":3,"column":58}}],"line":3},"2":{"loc":{"start":{"line":8,"column":2},"end":{"line":8,"column":102}},"type":"if","locations":[{"start":{"line":8,"column":2},"end":{"line":8,"column":102}},{"start":{},"end":{}}],"line":8},"3":{"loc":{"start":{"line":9,"column":2},"end":{"line":9,"column":89}},"type":"if","locations":[{"start":{"line":9,"column":2},"end":{"line":9,"column":89}},{"start":{},"end":{}}],"line":9},"4":{"loc":{"start":{"line":10,"column":2},"end":{"line":10,"column":84}},"type":"if","locations":[{"start":{"line":10,"column":2},"end":{"line":10,"column":84}},{"start":{},"end":{}}],"line":10},"5":{"loc":{"start":{"line":11,"column":2},"end":{"line":11,"column":117}},"type":"if","locations":[{"start":{"line":11,"column":2},"end":{"line":11,"column":117}},{"start":{},"end":{}}],"line":11}},"s":{"0":14,"1":14,"2":14,"3":14,"4":1,"5":13,"6":4,"7":9,"8":2,"9":7,"10":1,"11":6,"12":6,"13":6},"f":{"0":14},"b":{"0":[4],"1":[8],"2":[1,13],"3":[4,9],"4":[2,7],"5":[1,6]},"_coverageSchema":"1a1c01bbd47fc00a2c39e90264f33305004495a9","hash":"91ed3072c41b299abffa5cb00e7a12b9800c44f9"}
}
